<?xml version="1.0" encoding="UTF-8"?>
<!-- Generated by org.testng.reporters.JUnitReportReporter -->
<testsuite hostname="GS-5698" failures="0" tests="1" name="restApiassignment.GetAccountSettings" time="5.782" errors="0" timestamp="2021-08-31T11:13:23 IST" skipped="0">
  <testcase classname="restApiassignment.GetAccountSettings" name="getAccountSettings" time="5.782"/>
  <system-out/>
</testsuite> <!-- restApiassignment.GetAccountSettings -->
