<?xml version="1.0" encoding="UTF-8"?>
<!-- Generated by org.testng.reporters.JUnitReportReporter -->
<testsuite hostname="GS-5698" failures="0" tests="1" name="restApiassignment.PostCreateAccountBlock" time="5.564" errors="0" timestamp="2021-09-02T17:13:43 IST" skipped="0">
  <testcase classname="restApiassignment.PostCreateAccountBlock" name="createAccountBlock" time="5.564"/>
  <system-out/>
</testsuite> <!-- restApiassignment.PostCreateAccountBlock -->
