<?xml version="1.0" encoding="UTF-8"?>
<!-- Generated by org.testng.reporters.JUnitReportReporter -->
<testsuite hostname="GS-5698" failures="0" tests="1" name="restApiassignment.TokenAccess" time="5.927" errors="0" timestamp="2021-08-28T18:28:59 IST" skipped="0">
  <testcase classname="restApiassignment.TokenAccess" name="get_token" time="5.927"/>
  <system-out/>
</testsuite> <!-- restApiassignment.TokenAccess -->
