<?xml version="1.0" encoding="UTF-8"?>
<!-- Generated by org.testng.reporters.JUnitReportReporter -->
<testsuite hostname="GS-5698" failures="0" tests="1" name="com.RestApi.test.CreateJSONObject" time="0.036" errors="0" timestamp="2021-09-05T15:28:47 IST" skipped="0">
  <testcase classname="com.RestApi.test.CreateJSONObject" name="testjsonobject" time="0.036"/>
  <system-out/>
</testsuite> <!-- com.RestApi.test.CreateJSONObject -->
