<?xml version="1.0" encoding="UTF-8"?>
<!-- Generated by org.testng.reporters.JUnitReportReporter -->
<testsuite hostname="GS-5698" failures="0" tests="1" name="restApiassignment.PutReqUpdateAccountSetting" time="4.750" errors="0" timestamp="2021-09-02T17:15:36 IST" skipped="0">
  <testcase classname="restApiassignment.PutReqUpdateAccountSetting" name="updateAccountSettings" time="4.750"/>
  <system-out/>
</testsuite> <!-- restApiassignment.PutReqUpdateAccountSetting -->
