<?xml version="1.0" encoding="UTF-8"?>
<!-- Generated by org.testng.reporters.JUnitReportReporter -->
<testsuite hostname="GS-5698" failures="0" tests="1" name="com.json.in.PutRequsingJsonObject" time="2.262" errors="0" timestamp="2021-09-08T17:39:00 IST" skipped="0">
  <testcase classname="com.json.in.PutRequsingJsonObject" name="putRequsingjson" time="2.262"/>
  <system-out/>
</testsuite> <!-- com.json.in.PutRequsingJsonObject -->
