<?xml version="1.0" encoding="UTF-8"?>
<!-- Generated by org.testng.reporters.JUnitReportReporter -->
<testsuite hostname="GS-5698" failures="0" tests="1" name="restApiassignment.GetAccessBlocks" time="4.297" errors="0" timestamp="2021-08-30T13:05:57 IST" skipped="0">
  <testcase classname="restApiassignment.GetAccessBlocks" name="getAccessBlocks" time="4.297"/>
  <system-out/>
</testsuite> <!-- restApiassignment.GetAccessBlocks -->
