<?xml version="1.0" encoding="UTF-8"?>
<!-- Generated by org.testng.reporters.JUnitReportReporter -->
<testsuite hostname="GS-5698" failures="0" tests="1" name="restApiassignment.GetAccessBlocksStatus" time="6.529" errors="0" timestamp="2021-09-05T19:48:56 IST" skipped="0">
  <testcase classname="restApiassignment.GetAccessBlocksStatus" name="getAccessBlocks" time="6.529"/>
  <system-out/>
</testsuite> <!-- restApiassignment.GetAccessBlocksStatus -->
