<?xml version="1.0" encoding="UTF-8"?>
<!-- Generated by org.testng.reporters.JUnitReportReporter -->
<testsuite hostname="GS-5698" failures="0" tests="1" name="Assignment.Updatetry" time="11.332" errors="0" timestamp="2021-09-01T16:42:40 IST" skipped="0">
  <testcase classname="Assignment.Updatetry" name="updateAccountSettings" time="11.332"/>
  <system-out/>
</testsuite> <!-- Assignment.Updatetry -->
