<?xml version="1.0" encoding="UTF-8"?>
<!-- Generated by org.testng.reporters.JUnitReportReporter -->
<testsuite hostname="GS-5698" failures="0" tests="1" name="com.json.in.GetReqUsingJsonObject" time="2.820" errors="0" timestamp="2021-09-08T17:36:59 IST" skipped="0">
  <testcase classname="com.json.in.GetReqUsingJsonObject" name="getReqUsingJsonobj" time="2.820"/>
  <system-out/>
</testsuite> <!-- com.json.in.GetReqUsingJsonObject -->
