<?xml version="1.0" encoding="UTF-8"?>
<!-- Generated by org.testng.reporters.JUnitReportReporter -->
<testsuite hostname="GS-5698" failures="0" tests="1" name="restApiassignment.GetAccountBlocks" time="5.987" errors="0" timestamp="2021-09-02T17:11:51 IST" skipped="0">
  <testcase classname="restApiassignment.GetAccountBlocks" name="getAccessBlockStatus" time="5.987"/>
  <system-out/>
</testsuite> <!-- restApiassignment.GetAccountBlocks -->
