<?xml version="1.0" encoding="UTF-8"?>
<!-- Generated by org.testng.reporters.JUnitReportReporter -->
<testsuite hostname="GS-5698" failures="0" tests="1" name="com.json.in.PostusingJsonObject" time="2.171" errors="0" timestamp="2021-09-08T17:37:21 IST" skipped="0">
  <testcase classname="com.json.in.PostusingJsonObject" name="PostreqUsingJsonObject" time="2.171"/>
  <system-out/>
</testsuite> <!-- com.json.in.PostusingJsonObject -->
