<?xml version="1.0" encoding="UTF-8"?>
<!-- Generated by org.testng.reporters.JUnitReportReporter -->
<testsuite hostname="GS-5698" failures="0" tests="1" name="restApiassignment.PutUpdateAccountSetting" time="5.537" errors="0" timestamp="2021-09-01T11:51:02 IST" skipped="0">
  <testcase classname="restApiassignment.PutUpdateAccountSetting" name="updateAccountSettings" time="5.537"/>
  <system-out/>
</testsuite> <!-- restApiassignment.PutUpdateAccountSetting -->
