<?xml version="1.0" encoding="UTF-8"?>
<!-- Generated by org.testng.reporters.JUnitReportReporter -->
<testsuite hostname="GS-5698" failures="0" tests="1" name="restApiassignment.DelDeleteAccountBlock" time="5.784" errors="0" timestamp="2021-09-05T23:53:18 IST" skipped="0">
  <testcase classname="restApiassignment.DelDeleteAccountBlock" name="removeAccountBlock" time="5.784"/>
  <system-out/>
</testsuite> <!-- restApiassignment.DelDeleteAccountBlock -->
