<?xml version="1.0" encoding="UTF-8"?>
<!-- Generated by org.testng.reporters.JUnitReportReporter -->
<testsuite hostname="GS-5698" failures="0" tests="1" name="com.api.custom.RunnerApis" time="3.705" errors="0" timestamp="2021-09-08T17:41:42 IST" skipped="0">
  <testcase classname="com.api.custom.RunnerApis" name="method" time="3.705"/>
  <system-out/>
</testsuite> <!-- com.api.custom.RunnerApis -->
